<?xml version="1.0" encoding="UTF-8"?>
<!-- Generated by org.testng.reporters.JUnitReportReporter -->
<testsuite hostname="DESKTOP-KRTRA2U" failures="0" tests="1" name="com.myproject.testcases.test2" time="0.016" errors="0" timestamp="2022-12-16T12:20:09 IST" skipped="0">
  <testcase classname="com.myproject.testcases.test2" name="testtwoB" time="0.016"/>
  <system-out/>
</testsuite> <!-- com.myproject.testcases.test2 -->
