<?xml version="1.0" encoding="UTF-8"?>
<!-- Generated by org.testng.reporters.JUnitReportReporter -->
<testsuite hostname="DESKTOP-KRTRA2U" failures="0" tests="2" name="com.myproject.testcases.LoginPageTestNew" time="15.640" errors="0" timestamp="2022-12-16T10:03:08 IST" skipped="0">
  <testcase classname="com.myproject.testcases.LoginPageTestNew" name="VerifyDraft" time="6.925"/>
  <system-out/>
  <testcase classname="com.myproject.testcases.LoginPageTestNew" name="VerifyFOlder" time="8.715"/>
  <system-out/>
</testsuite> <!-- com.myproject.testcases.LoginPageTestNew -->
