<?xml version="1.0" encoding="UTF-8"?>
<!-- Generated by org.testng.reporters.JUnitReportReporter -->
<testsuite hostname="DESKTOP-KRTRA2U" failures="0" tests="1" name="com.myproject.testcases.test1" time="0.003" errors="0" timestamp="2022-12-16T12:17:59 IST" skipped="0">
  <testcase classname="com.myproject.testcases.test1" name="testoneC" time="0.003"/>
  <system-out/>
</testsuite> <!-- com.myproject.testcases.test1 -->
