<?xml version="1.0" encoding="UTF-8"?>
<!-- Generated by org.testng.reporters.JUnitReportReporter -->
<testsuite hostname="DESKTOP-KRTRA2U" failures="0" tests="2" name="com.myproject.testcases.LoginPageTestNew1" time="17.906" errors="0" timestamp="2022-12-16T10:05:58 IST" skipped="0">
  <testcase classname="com.myproject.testcases.LoginPageTestNew1" name="VerifyDraft" time="7.603"/>
  <system-out/>
  <testcase classname="com.myproject.testcases.LoginPageTestNew1" name="VerifyFOlder" time="10.303"/>
  <system-out/>
</testsuite> <!-- com.myproject.testcases.LoginPageTestNew1 -->
